<?xml version="1.0" encoding="UTF-8"?>
<!-- Generated by org.testng.reporters.JUnitReportReporter -->
<testsuite hostname="Vishnus-MacBook-Pro.local" failures="0" tests="1" name="testscript.ManageSliderTest" time="19.289" errors="0" timestamp="2024-05-20T16:59:53 GST" skipped="0">
  <testcase classname="testscript.ManageSliderTest" name="AddSlider" time="19.289"/>
  <system-out/>
</testsuite> <!-- testscript.ManageSliderTest -->
