<?xml version="1.0" encoding="UTF-8"?>
<!-- Generated by org.testng.reporters.JUnitReportReporter -->
<testsuite hostname="Vishnus-MacBook-Pro.local" failures="0" tests="1" name="testscript.AdminUsersTest" time="19.261" errors="0" timestamp="2024-05-21T12:53:10 GST" skipped="0">
  <testcase classname="testscript.AdminUsersTest" name="verifyingIfUserisAbleToAddNewEntryInAdminUsersPage" time="19.261"/>
  <system-out/>
</testsuite> <!-- testscript.AdminUsersTest -->
