<?xml version="1.0" encoding="UTF-8"?>
<!-- Generated by org.testng.reporters.JUnitReportReporter -->
<testsuite hostname="Vishnus-MacBook-Pro.local" failures="0" tests="1" name="testscript.ManagePageTest" time="16.391" errors="0" timestamp="2024-05-09T14:44:09 GST" skipped="0">
  <testcase classname="testscript.ManagePageTest" name="veryfyingDeleteButtonUnderManagePages" time="16.391"/>
  <system-out/>
</testsuite> <!-- testscript.ManagePageTest -->
