<?xml version="1.0" encoding="UTF-8"?>
<!-- Generated by org.testng.reporters.JUnitReportReporter -->
<testsuite hostname="Vishnus-MacBook-Pro.local" failures="0" tests="1" name="testscript.ManageDeliveryBoyTest" time="17.242" errors="0" timestamp="2024-05-17T12:01:30 GST" skipped="0">
  <testcase classname="testscript.ManageDeliveryBoyTest" name="verifyingDeliveryBoyDetailsFoundInListDeliveryBoyPage" time="17.242"/>
  <system-out/>
</testsuite> <!-- testscript.ManageDeliveryBoyTest -->
