<?xml version="1.0" encoding="UTF-8"?>
<!-- Generated by org.testng.reporters.JUnitReportReporter -->
<testsuite hostname="Vishnus-MacBook-Pro.local" failures="0" tests="2" name="testscript.ManageNewsTest" time="42.459" errors="0" timestamp="2024-05-24T13:55:34 GST" skipped="1">
  <testcase classname="testscript.ManageNewsTest" name="verifyingIfUserisAbleToAddNewsUnderManageNews" time="13.097">
    <skipped/>
  </testcase> <!-- verifyingIfUserisAbleToAddNewsUnderManageNews -->
  <system-out/>
  <testcase classname="testscript.ManageNewsTest" name="verifyingIfUserisAbleToAddNewsUnderManageNews" time="29.362"/>
  <system-out/>
</testsuite> <!-- testscript.ManageNewsTest -->
