<?xml version="1.0" encoding="UTF-8"?>
<!-- Generated by org.testng.reporters.JUnitReportReporter -->
<testsuite hostname="Vishnus-MacBook-Pro.local" failures="0" tests="1" name="testscript.PushNotificationsTest" time="15.638" errors="0" timestamp="2024-05-07T11:39:19 GST" skipped="0">
  <testcase classname="testscript.PushNotificationsTest" name="VerifyIfUserIsAbleToEnterDetailsOnPushNotification" time="15.638"/>
  <system-out/>
</testsuite> <!-- testscript.PushNotificationsTest -->
