<?xml version="1.0" encoding="UTF-8"?>
<!-- Generated by org.testng.reporters.JUnitReportReporter -->
<testsuite hostname="Vishnus-MacBook-Pro.local" failures="0" tests="3" name="testscript.ManagePageTest" time="49.887" errors="0" timestamp="2024-05-24T13:55:34 GST" skipped="2">
  <testcase classname="testscript.ManagePageTest" name="veryfyingDeleteButtonUnderManagePages" time="12.693">
    <skipped/>
  </testcase> <!-- veryfyingDeleteButtonUnderManagePages -->
  <system-out/>
  <testcase classname="testscript.ManagePageTest" name="veryfyingDeleteButtonUnderManagePages" time="10.147">
    <skipped/>
  </testcase> <!-- veryfyingDeleteButtonUnderManagePages -->
  <system-out/>
  <testcase classname="testscript.ManagePageTest" name="veryfyingDeleteButtonUnderManagePages" time="27.047"/>
  <system-out/>
</testsuite> <!-- testscript.ManagePageTest -->
