<?xml version="1.0" encoding="UTF-8"?>
<!-- Generated by org.testng.reporters.JUnitReportReporter -->
<testsuite hostname="Vishnus-MacBook-Pro.local" failures="0" tests="1" name="testscript.ManageExpenseTest" time="38.197" errors="0" timestamp="2024-05-14T09:40:38 GST" skipped="0">
  <testcase classname="testscript.ManageExpenseTest" name="veryfyingIfUserIsAbleToAddNewItemUnderManageExpense" time="38.197"/>
  <system-out/>
</testsuite> <!-- testscript.ManageExpenseTest -->
