<?xml version="1.0" encoding="UTF-8"?>
<!-- Generated by org.testng.reporters.JUnitReportReporter -->
<testsuite hostname="Vishnus-MacBook-Pro.local" failures="0" tests="1" name="testscript.MobileSliderTest" time="18.916" errors="0" timestamp="2024-05-12T12:34:48 GST" skipped="0">
  <testcase classname="testscript.MobileSliderTest" name="veryfyingIfUserIsAbleToAddNewItemInMobileSlider" time="18.916"/>
  <system-out/>
</testsuite> <!-- testscript.MobileSliderTest -->
