<?xml version="1.0" encoding="UTF-8"?>
<!-- Generated by org.testng.reporters.JUnitReportReporter -->
<testsuite hostname="Vishnus-MacBook-Pro.local" failures="0" tests="1" name="testscript.ManageContactTest" time="16.465" errors="0" timestamp="2024-05-20T11:55:55 GST" skipped="0">
  <testcase classname="testscript.ManageContactTest" name="verifyingEditEmailUnderManageContact" time="16.465"/>
  <system-out/>
</testsuite> <!-- testscript.ManageContactTest -->
