<?xml version="1.0" encoding="UTF-8"?>
<!-- Generated by org.testng.reporters.JUnitReportReporter -->
<testsuite hostname="Vishnus-MacBook-Pro.local" failures="0" tests="1" name="testscript.ManageLocationTest" time="16.326" errors="0" timestamp="2024-05-11T18:21:00 GST" skipped="0">
  <testcase classname="testscript.ManageLocationTest" name="veryfingAddNewLocation" time="16.326"/>
  <system-out/>
</testsuite> <!-- testscript.ManageLocationTest -->
