<?xml version="1.0" encoding="UTF-8"?>
<!-- Generated by org.testng.reporters.JUnitReportReporter -->
<testsuite hostname="Vishnus-MacBook-Pro.local" failures="0" tests="1" name="testscript.LoginTest" time="13.204" errors="0" timestamp="2024-05-06T12:49:52 GST" skipped="0">
  <testcase classname="testscript.LoginTest" name="verifyTheUserIsAbleToLoginWithValidCredentials" time="13.204"/>
  <system-out/>
</testsuite> <!-- testscript.LoginTest -->
