<?xml version="1.0" encoding="UTF-8"?>
<!-- Generated by org.testng.reporters.JUnitReportReporter -->
<testsuite hostname="Vishnus-MacBook-Pro.local" failures="0" tests="1" name="testscript.AdminUsersTest" time="20.460" errors="0" timestamp="2024-05-17T11:55:58 GST" skipped="0">
  <testcase classname="testscript.AdminUsersTest" name="verifyingIfUserisAbleToAddNewEntryInAdminUsersPage" time="20.460"/>
  <system-out/>
</testsuite> <!-- testscript.AdminUsersTest -->
