<?xml version="1.0" encoding="UTF-8"?>
<!-- Generated by org.testng.reporters.JUnitReportReporter -->
<testsuite hostname="Vishnus-MacBook-Pro.local" failures="0" tests="1" name="testscript.ManageNewsTest" time="49.487" errors="0" timestamp="2024-05-08T15:13:15 GST" skipped="0">
  <testcase classname="testscript.ManageNewsTest" name="verifyingIfUserisAbleToAddNewsUnderManageNews" time="49.487"/>
  <system-out/>
</testsuite> <!-- testscript.ManageNewsTest -->
