<?xml version="1.0" encoding="UTF-8"?>
<!-- Generated by org.testng.reporters.JUnitReportReporter -->
<testsuite hostname="Vishnus-MacBook-Pro.local" failures="0" tests="1" name="testscript.ManageLocationTest" time="18.246" errors="0" timestamp="2024-05-08T18:28:19 GST" skipped="0">
  <testcase classname="testscript.ManageLocationTest" name="veryfingAddNewLocation" time="18.246"/>
  <system-out/>
</testsuite> <!-- testscript.ManageLocationTest -->
