<?xml version="1.0" encoding="UTF-8"?>
<!-- Generated by org.testng.reporters.JUnitReportReporter -->
<testsuite hostname="Vishnus-MacBook-Pro.local" failures="0" tests="1" name="testscript.AdminUsersTest" time="16.563" errors="0" timestamp="2024-05-08T11:18:42 GST" skipped="0">
  <testcase classname="testscript.AdminUsersTest" name="verifyingIfUserisAbleToAddNewEntryInAdminUsersPage" time="16.563"/>
  <system-out/>
</testsuite> <!-- testscript.AdminUsersTest -->
