<?xml version="1.0" encoding="UTF-8"?>
<!-- Generated by org.testng.reporters.JUnitReportReporter -->
<testsuite hostname="Vishnus-MacBook-Pro.local" failures="0" tests="1" name="testscript.Login" time="16.896" errors="0" timestamp="2024-05-03T13:42:19 GST" skipped="0">
  <testcase classname="testscript.Login" name="login" time="16.896"/>
  <system-out/>
</testsuite> <!-- testscript.Login -->
