<?xml version="1.0" encoding="UTF-8"?>
<!-- Generated by org.testng.reporters.JUnitReportReporter -->
<testsuite hostname="Vishnus-MacBook-Pro.local" failures="0" tests="1" name="testscript.ManagePageTest" time="15.317" errors="0" timestamp="2024-05-10T19:03:51 GST" skipped="0">
  <testcase classname="testscript.ManagePageTest" name="veryfyingDeleteButtonUnderManagePages" time="15.317"/>
  <system-out/>
</testsuite> <!-- testscript.ManagePageTest -->
