<?xml version="1.0" encoding="UTF-8"?>
<!-- Generated by org.testng.reporters.JUnitReportReporter -->
<testsuite hostname="Vishnus-MacBook-Pro.local" failures="0" tests="1" name="testscript.ManagePageTest" time="23.697" errors="0" timestamp="2024-05-24T14:04:26 GST" skipped="0">
  <testcase classname="testscript.ManagePageTest" name="veryfyingDeleteButtonUnderManagePages" time="23.697"/>
  <system-out/>
</testsuite> <!-- testscript.ManagePageTest -->
