<?xml version="1.0" encoding="UTF-8"?>
<!-- Generated by org.testng.reporters.JUnitReportReporter -->
<testsuite hostname="Vishnus-MacBook-Pro.local" failures="0" tests="1" name="testscript.ManageNewsTest" time="18.213" errors="0" timestamp="2024-05-09T13:52:53 GST" skipped="0">
  <testcase classname="testscript.ManageNewsTest" name="verifyingIfUserisAbleToAddNewsUnderManageNews" time="18.213"/>
  <system-out/>
</testsuite> <!-- testscript.ManageNewsTest -->
