<?xml version="1.0" encoding="UTF-8"?>
<!-- Generated by org.testng.reporters.JUnitReportReporter -->
<testsuite hostname="Vishnus-MacBook-Pro.local" failures="0" tests="1" name="testscript.AdminUsersTest" time="17.590" errors="0" timestamp="2024-05-08T10:42:36 GST" skipped="0">
  <testcase classname="testscript.AdminUsersTest" name="verifyingIfUserisAbleToAddNewEntryInAdminUsersPage" time="17.590"/>
  <system-out/>
</testsuite> <!-- testscript.AdminUsersTest -->
