<?xml version="1.0" encoding="UTF-8"?>
<!-- Generated by org.testng.reporters.JUnitReportReporter -->
<testsuite hostname="Vishnus-MacBook-Pro.local" failures="0" tests="1" name="testscript.ManageDeliveryBoyTest" time="15.006" errors="0" timestamp="2024-05-07T11:00:26 GST" skipped="0">
  <testcase classname="testscript.ManageDeliveryBoyTest" name="verifyingDeliveryBoyDetailsFoundInListDeliveryBoyPage" time="15.006"/>
  <system-out/>
</testsuite> <!-- testscript.ManageDeliveryBoyTest -->
